action: py37-normal, msg: getenv
cwd: /home/amnesia/dev/mega.py
cmd: /home/amnesia/dev/mega.py/.tox/py37-normal/bin/python -m pip install -rrequirements-dev.txt
Collecting requests>=0.10
  Using cached https://files.pythonhosted.org/packages/51/bd/23c926cd341ea6b7dd0b2a00aba99ae0f828be89d72b2190f27c11d4b7fb/requests-2.22.0-py2.py3-none-any.whl
Collecting pycrypto
  Using cached https://files.pythonhosted.org/packages/60/db/645aa9af249f059cc3a368b118de33889219e0362141e75d4eaf6f80f163/pycrypto-2.6.1.tar.gz
Collecting pytest
  Using cached https://files.pythonhosted.org/packages/0c/91/d68f68ce54cd3e8afa1ef73ea1ad44df2438521b64c0820e5fd9b9f13b7d/pytest-5.2.1-py3-none-any.whl
Collecting ipdb
  Using cached https://files.pythonhosted.org/packages/df/78/3d0d7253dc85549db182cbe4b43b30c506c84008fcd39898122c9b6306a9/ipdb-0.12.2.tar.gz
Collecting flake8
  Using cached https://files.pythonhosted.org/packages/26/de/3f815a99d86eb10464ea7bd6059c0172c7ca97d4bdcfca41051b388a653b/flake8-3.7.8-py2.py3-none-any.whl
Collecting pep8-naming
  Using cached https://files.pythonhosted.org/packages/37/e0/9548dbccda34614865846bdf452e390f2f829e7608e74965dcf0b9433583/pep8_naming-0.8.2-py2.py3-none-any.whl
Collecting autoflake
  Using cached https://files.pythonhosted.org/packages/88/88/9a8ae06cc31f68b26078cbbef50ae5df361f4ac0efaafbf03a9fa79ca9c5/autoflake-1.3.1.tar.gz
Collecting mccabe
  Using cached https://files.pythonhosted.org/packages/87/89/479dc97e18549e21354893e4ee4ef36db1d237534982482c3681ee6e7b57/mccabe-0.6.1-py2.py3-none-any.whl
Collecting yapf
  Using cached https://files.pythonhosted.org/packages/79/22/d711c0803b6c3cc8c96eb54509f23fec1e3c078d5bfc6eb11094e762e7bc/yapf-0.28.0-py2.py3-none-any.whl
Collecting tox
  Using cached https://files.pythonhosted.org/packages/a7/0c/ed234b83d2c4fcef1cfccf97371183d51dafae62e64334de34d0a6333114/tox-3.14.0-py2.py3-none-any.whl
Collecting coverage
  Using cached https://files.pythonhosted.org/packages/82/8f/a2a687fa00059360858023c5cb74e94b8afaf318726e9a256934066a9d90/coverage-4.5.4-cp37-cp37m-manylinux1_x86_64.whl
Collecting pytest-cov
  Using cached https://files.pythonhosted.org/packages/b9/54/3673ee8be482f81527678ac894276223b9814bb7262e4f730469bb7bf70e/pytest_cov-2.8.1-py2.py3-none-any.whl
Collecting zest.releaser
  Downloading https://files.pythonhosted.org/packages/ed/dd/3717abbd860c3f9d8132bed08116f69805aae3efd0deb20ecf86720ea055/zest.releaser-6.19.1.tar.gz (135kB)
Collecting idna<2.9,>=2.5
  Using cached https://files.pythonhosted.org/packages/14/2c/cd551d81dbe15200be1cf41cd03869a46fe7226e7450af7a6545bfc474c9/idna-2.8-py2.py3-none-any.whl
Collecting chardet<3.1.0,>=3.0.2
  Using cached https://files.pythonhosted.org/packages/bc/a9/01ffebfb562e4274b6487b4bb1ddec7ca55ec7510b22e4c51f14098443b8/chardet-3.0.4-py2.py3-none-any.whl
Collecting urllib3!=1.25.0,!=1.25.1,<1.26,>=1.21.1
  Using cached https://files.pythonhosted.org/packages/e0/da/55f51ea951e1b7c63a579c09dd7db825bb730ec1fe9c0180fc77bfb31448/urllib3-1.25.6-py2.py3-none-any.whl
Collecting certifi>=2017.4.17
  Using cached https://files.pythonhosted.org/packages/18/b0/8146a4f8dd402f60744fa380bc73ca47303cccf8b9190fd16a827281eac2/certifi-2019.9.11-py2.py3-none-any.whl
Collecting attrs>=17.4.0
  Using cached https://files.pythonhosted.org/packages/a2/db/4313ab3be961f7a763066401fb77f7748373b6094076ae2bda2806988af6/attrs-19.3.0-py2.py3-none-any.whl
Collecting packaging
  Using cached https://files.pythonhosted.org/packages/cf/94/9672c2d4b126e74c4496c6b3c58a8b51d6419267be9e70660ba23374c875/packaging-19.2-py2.py3-none-any.whl
Collecting atomicwrites>=1.0
  Using cached https://files.pythonhosted.org/packages/52/90/6155aa926f43f2b2a22b01be7241be3bfd1ceaf7d0b3267213e8127d41f4/atomicwrites-1.3.0-py2.py3-none-any.whl
Collecting wcwidth
  Using cached https://files.pythonhosted.org/packages/7e/9f/526a6947247599b084ee5232e4f9190a38f398d7300d866af3ab571a5bfe/wcwidth-0.1.7-py2.py3-none-any.whl
Collecting importlib-metadata>=0.12; python_version < "3.8"
  Using cached https://files.pythonhosted.org/packages/f6/d2/40b3fa882147719744e6aa50ac39cf7a22a913cbcba86a0371176c425a3b/importlib_metadata-0.23-py2.py3-none-any.whl
Collecting pluggy<1.0,>=0.12
  Using cached https://files.pythonhosted.org/packages/92/c7/48439f7d5fd6bddb4c04b850bb862b42e3e2b98570040dfaf68aedd8114b/pluggy-0.13.0-py2.py3-none-any.whl
Collecting py>=1.5.0
  Using cached https://files.pythonhosted.org/packages/76/bc/394ad449851729244a97857ee14d7cba61ddb268dce3db538ba2f2ba1f0f/py-1.8.0-py2.py3-none-any.whl
Collecting more-itertools>=4.0.0
  Using cached https://files.pythonhosted.org/packages/45/dc/3241eef99eb45f1def35cf93af35d1cf9ef4c0991792583b8f33ea41b092/more_itertools-7.2.0-py3-none-any.whl
Requirement already satisfied: setuptools in ./.tox/py37-normal/lib/python3.7/site-packages (from ipdb->-r requirements-dev.txt (line 3)) (41.4.0)
Collecting ipython>=5.1.0
  Using cached https://files.pythonhosted.org/packages/fb/44/f28a13852e562af719f9de1761680a84a93e8b4c50e22d00d68f60ee2e8b/ipython-7.8.0-py3-none-any.whl
Collecting pycodestyle<2.6.0,>=2.5.0
  Using cached https://files.pythonhosted.org/packages/0e/0c/04a353e104d2f324f8ee5f4b32012618c1c86dd79e52a433b64fceed511b/pycodestyle-2.5.0-py2.py3-none-any.whl
Collecting entrypoints<0.4.0,>=0.3.0
  Using cached https://files.pythonhosted.org/packages/ac/c6/44694103f8c221443ee6b0041f69e2740d89a25641e62fb4f2ee568f2f9c/entrypoints-0.3-py2.py3-none-any.whl
Collecting pyflakes<2.2.0,>=2.1.0
  Using cached https://files.pythonhosted.org/packages/84/f2/ed0ffb887f8138a8fe5a621b8c0bb9598bfb3989e029f6c6a85ee66628ee/pyflakes-2.1.1-py2.py3-none-any.whl
Collecting flake8-polyfill<2,>=1.0.2
  Using cached https://files.pythonhosted.org/packages/86/b5/a43fed6fd0193585d17d6faa7b85317d4461f694aaed546098c69f856579/flake8_polyfill-1.0.2-py2.py3-none-any.whl
Collecting virtualenv>=14.0.0
  Using cached https://files.pythonhosted.org/packages/89/66/786e0d6f61bd0612f431e19b016d1ae46f1cb8d21a80352cc6774ec876e3/virtualenv-16.7.6-py2.py3-none-any.whl
Collecting six<2,>=1.0.0
  Using cached https://files.pythonhosted.org/packages/73/fb/00a976f728d0d1fecfe898238ce23f502a721c0ac0ecfedb80e0d88c64e9/six-1.12.0-py2.py3-none-any.whl
Collecting toml>=0.9.4
  Using cached https://files.pythonhosted.org/packages/a2/12/ced7105d2de62fa7c8fb5fce92cc4ce66b57c95fb875e9318dba7f8c5db0/toml-0.10.0-py2.py3-none-any.whl
Collecting filelock<4,>=3.0.0
  Using cached https://files.pythonhosted.org/packages/93/83/71a2ee6158bb9f39a90c0dea1637f81d5eef866e188e1971a1b1ab01a35a/filelock-3.0.12-py3-none-any.whl
Collecting colorama
  Downloading https://files.pythonhosted.org/packages/4f/a6/728666f39bfff1719fc94c481890b2106837da9318031f71a8424b662e12/colorama-0.4.1-py2.py3-none-any.whl
Collecting twine>=1.6.0
  Downloading https://files.pythonhosted.org/packages/c4/43/b9c56d378f5d0b9bee7be564b5c5fb65c65e5da6e82a97b6f50c2769249a/twine-2.0.0-py3-none-any.whl
Collecting pyparsing>=2.0.2
  Using cached https://files.pythonhosted.org/packages/11/fa/0160cd525c62d7abd076a070ff02b2b94de589f1a9789774f17d7c54058e/pyparsing-2.4.2-py2.py3-none-any.whl
Collecting zipp>=0.5
  Using cached https://files.pythonhosted.org/packages/74/3d/1ee25a26411ba0401b43c6376d2316a71addcc72ef8690b101b4ea56d76a/zipp-0.6.0-py2.py3-none-any.whl
Collecting pickleshare
  Using cached https://files.pythonhosted.org/packages/9a/41/220f49aaea88bc6fa6cba8d05ecf24676326156c23b991e80b3f2fc24c77/pickleshare-0.7.5-py2.py3-none-any.whl
Collecting pexpect; sys_platform != "win32"
  Using cached https://files.pythonhosted.org/packages/0e/3e/377007e3f36ec42f1b84ec322ee12141a9e10d808312e5738f52f80a232c/pexpect-4.7.0-py2.py3-none-any.whl
Collecting jedi>=0.10
  Using cached https://files.pythonhosted.org/packages/55/54/da994f359e4e7da4776a200e76dbc85ba5fc319eefc22e33d55296d95a1d/jedi-0.15.1-py2.py3-none-any.whl
Collecting traitlets>=4.2
  Using cached https://files.pythonhosted.org/packages/ca/ab/872a23e29cec3cf2594af7e857f18b687ad21039c1f9b922fac5b9b142d5/traitlets-4.3.3-py2.py3-none-any.whl
Collecting pygments
  Using cached https://files.pythonhosted.org/packages/5c/73/1dfa428150e3ccb0fa3e68db406e5be48698f2a979ccbcec795f28f44048/Pygments-2.4.2-py2.py3-none-any.whl
Collecting prompt-toolkit<2.1.0,>=2.0.0
  Using cached https://files.pythonhosted.org/packages/87/61/2dfea88583d5454e3a64f9308a686071d58d59a55db638268a6413e1eb6d/prompt_toolkit-2.0.10-py3-none-any.whl
Collecting backcall
  Using cached https://files.pythonhosted.org/packages/84/71/c8ca4f5bb1e08401b916c68003acf0a0655df935d74d93bf3f3364b310e0/backcall-0.1.0.tar.gz
Collecting decorator
  Using cached https://files.pythonhosted.org/packages/5f/88/0075e461560a1e750a0dcbf77f1d9de775028c37a19a346a6c565a257399/decorator-4.4.0-py2.py3-none-any.whl
Collecting pkginfo>=1.4.2
  Downloading https://files.pythonhosted.org/packages/e6/d5/451b913307b478c49eb29084916639dc53a88489b993530fed0a66bab8b9/pkginfo-1.5.0.1-py2.py3-none-any.whl
Collecting readme-renderer>=21.0
  Downloading https://files.pythonhosted.org/packages/c3/7e/d1aae793900f36b097cbfcc5e70eef82b5b56423a6c52a36dce51fedd8f0/readme_renderer-24.0-py2.py3-none-any.whl
Collecting tqdm>=4.14
  Downloading https://files.pythonhosted.org/packages/e1/c1/bc1dba38b48f4ae3c4428aea669c5e27bd5a7642a74c8348451e0bd8ff86/tqdm-4.36.1-py2.py3-none-any.whl (52kB)
Collecting requests-toolbelt!=0.9.0,>=0.8.0
  Downloading https://files.pythonhosted.org/packages/60/ef/7681134338fc097acef8d9b2f8abe0458e4d87559c689a8c306d0957ece5/requests_toolbelt-0.9.1-py2.py3-none-any.whl (54kB)
Collecting ptyprocess>=0.5
  Using cached https://files.pythonhosted.org/packages/d1/29/605c2cc68a9992d18dada28206eeada56ea4bd07a239669da41674648b6f/ptyprocess-0.6.0-py2.py3-none-any.whl
Collecting parso>=0.5.0
  Using cached https://files.pythonhosted.org/packages/a3/bd/bf4e5bd01d79906e5b945a7af033154da49fd2b0d5b5c705a21330323305/parso-0.5.1-py2.py3-none-any.whl
Collecting ipython-genutils
  Using cached https://files.pythonhosted.org/packages/fa/bc/9bd3b5c2b4774d5f33b2d544f1460be9df7df2fe42f352135381c347c69a/ipython_genutils-0.2.0-py2.py3-none-any.whl
Collecting bleach>=2.1.0
  Downloading https://files.pythonhosted.org/packages/ab/05/27e1466475e816d3001efb6e0a85a819be17411420494a1e602c36f8299d/bleach-3.1.0-py2.py3-none-any.whl (157kB)
Collecting docutils>=0.13.1
  Downloading https://files.pythonhosted.org/packages/22/cd/a6aa959dca619918ccb55023b4cb151949c64d4d5d55b3f4ffd7eee0c6e8/docutils-0.15.2-py3-none-any.whl (547kB)
Collecting webencodings
  Downloading https://files.pythonhosted.org/packages/f4/24/2a3e3df732393fed8b3ebf2ec078f05546de641fe1b667ee316ec1dcf3b7/webencodings-0.5.1-py2.py3-none-any.whl
Building wheels for collected packages: pycrypto, ipdb, autoflake, zest.releaser, backcall
  Building wheel for pycrypto (setup.py): started
  Building wheel for pycrypto (setup.py): finished with status 'done'
  Created wheel for pycrypto: filename=pycrypto-2.6.1-cp37-cp37m-linux_x86_64.whl size=493404 sha256=4966f3ba33ce842e7bd1034f17af03b0faf46117d1839b1b3da057049e89e5c8
  Stored in directory: /home/amnesia/.cache/pip/wheels/27/02/5e/77a69d0c16bb63c6ed32f5386f33a2809c94bd5414a2f6c196
  Building wheel for ipdb (setup.py): started
  Building wheel for ipdb (setup.py): finished with status 'done'
  Created wheel for ipdb: filename=ipdb-0.12.2-cp37-none-any.whl size=9172 sha256=5b46c6d55af46d699b6e1789b422961208da3aa2becdf4e910f6526999f7051b
  Stored in directory: /home/amnesia/.cache/pip/wheels/7a/00/07/c906eaf1b90367fbb81bd840e56bf8859dbd3efe3838c0b4ba
  Building wheel for autoflake (setup.py): started
  Building wheel for autoflake (setup.py): finished with status 'done'
  Created wheel for autoflake: filename=autoflake-1.3.1-cp37-none-any.whl size=12384 sha256=8a427c407f55be589c7e44013939c8cb1a4183bc7657e22b8e98be53533d2939
  Stored in directory: /home/amnesia/.cache/pip/wheels/d8/dc/62/e3ff059eb12ebde448292d1aded2ff8fad4ccc09a6334e6bb5
  Building wheel for zest.releaser (setup.py): started
  Building wheel for zest.releaser (setup.py): finished with status 'done'
  Created wheel for zest.releaser: filename=zest.releaser-6.19.1-py2.py3-none-any.whl size=122501 sha256=c1e653089406939cb6bab0bb7ae158adeac440286a57673cbd0b074d9f8a37b0
  Stored in directory: /home/amnesia/.cache/pip/wheels/bf/bf/cf/e48a69a3d756240ffc5739b70e36e9089e6a47f86491216f0b
  Building wheel for backcall (setup.py): started
  Building wheel for backcall (setup.py): finished with status 'done'
  Created wheel for backcall: filename=backcall-0.1.0-cp37-none-any.whl size=10415 sha256=f21dbe16ea5a7aaffd473f96699f8984f124cecdfe0d5b3c326b6d7962b49162
  Stored in directory: /home/amnesia/.cache/pip/wheels/98/b0/dd/29e28ff615af3dda4c67cab719dd51357597eabff926976b45
Successfully built pycrypto ipdb autoflake zest.releaser backcall
Installing collected packages: idna, chardet, urllib3, certifi, requests, pycrypto, attrs, pyparsing, six, packaging, atomicwrites, wcwidth, more-itertools, zipp, importlib-metadata, pluggy, py, pytest, pickleshare, ptyprocess, pexpect, parso, jedi, ipython-genutils, decorator, traitlets, pygments, prompt-toolkit, backcall, ipython, ipdb, pycodestyle, entrypoints, mccabe, pyflakes, flake8, flake8-polyfill, pep8-naming, autoflake, yapf, virtualenv, toml, filelock, tox, coverage, pytest-cov, colorama, pkginfo, webencodings, bleach, docutils, readme-renderer, tqdm, requests-toolbelt, twine, zest.releaser
ERROR: Operation cancelled by user
Traceback (most recent call last):
  File "/home/amnesia/dev/mega.py/.tox/py37-normal/lib/python3.7/site-packages/pip/_internal/cli/command_context.py", line 22, in main_context
    yield
  File "/home/amnesia/dev/mega.py/.tox/py37-normal/lib/python3.7/site-packages/pip/_internal/cli/base_command.py", line 103, in main
    return self._main(args)
  File "/home/amnesia/dev/mega.py/.tox/py37-normal/lib/python3.7/site-packages/pip/_internal/cli/base_command.py", line 191, in _main
    self.handle_pip_version_check(options)
  File "/home/amnesia/dev/mega.py/.tox/py37-normal/lib/python3.7/site-packages/pip/_internal/cli/req_command.py", line 142, in handle_pip_version_check
    pip_self_version_check(session, options)
  File "/home/amnesia/dev/mega.py/.tox/py37-normal/lib/python3.7/site-packages/pip/_internal/self_outdated_check.py", line 208, in pip_self_version_check
    best_candidate = finder.find_best_candidate("pip").best_candidate
  File "/home/amnesia/dev/mega.py/.tox/py37-normal/lib/python3.7/site-packages/pip/_internal/index.py", line 861, in find_best_candidate
    candidates = self.find_all_candidates(project_name)
  File "/home/amnesia/dev/mega.py/.tox/py37-normal/lib/python3.7/site-packages/pip/_internal/index.py", line 791, in find_all_candidates
    collected_links = self._link_collector.collect_links(project_name)
  File "/home/amnesia/dev/mega.py/.tox/py37-normal/lib/python3.7/site-packages/pip/_internal/collector.py", line 541, in collect_links
    for page in self._get_pages(url_locations):
  File "/home/amnesia/dev/mega.py/.tox/py37-normal/lib/python3.7/site-packages/pip/_internal/collector.py", line 493, in _get_pages
    page = _get_html_page(location, session=self.session)
  File "/home/amnesia/dev/mega.py/.tox/py37-normal/lib/python3.7/site-packages/pip/_internal/collector.py", line 339, in _get_html_page
    resp = _get_html_response(url, session=session)
  File "/home/amnesia/dev/mega.py/.tox/py37-normal/lib/python3.7/site-packages/pip/_internal/collector.py", line 146, in _get_html_response
    "Cache-Control": "max-age=0",
  File "/home/amnesia/dev/mega.py/.tox/py37-normal/lib/python3.7/site-packages/pip/_vendor/requests/sessions.py", line 546, in get
    return self.request('GET', url, **kwargs)
  File "/home/amnesia/dev/mega.py/.tox/py37-normal/lib/python3.7/site-packages/pip/_internal/network/session.py", line 426, in request
    return super(PipSession, self).request(method, url, *args, **kwargs)
  File "/home/amnesia/dev/mega.py/.tox/py37-normal/lib/python3.7/site-packages/pip/_vendor/requests/sessions.py", line 533, in request
    resp = self.send(prep, **send_kwargs)
  File "/home/amnesia/dev/mega.py/.tox/py37-normal/lib/python3.7/site-packages/pip/_vendor/requests/sessions.py", line 646, in send
    r = adapter.send(request, **kwargs)
  File "/home/amnesia/dev/mega.py/.tox/py37-normal/lib/python3.7/site-packages/pip/_vendor/cachecontrol/adapter.py", line 53, in send
    resp = super(CacheControlAdapter, self).send(request, **kw)
  File "/home/amnesia/dev/mega.py/.tox/py37-normal/lib/python3.7/site-packages/pip/_vendor/requests/adapters.py", line 449, in send
    timeout=timeout
  File "/home/amnesia/dev/mega.py/.tox/py37-normal/lib/python3.7/site-packages/pip/_vendor/urllib3/connectionpool.py", line 672, in urlopen
    chunked=chunked,
  File "/home/amnesia/dev/mega.py/.tox/py37-normal/lib/python3.7/site-packages/pip/_vendor/urllib3/connectionpool.py", line 376, in _make_request
    self._validate_conn(conn)
  File "/home/amnesia/dev/mega.py/.tox/py37-normal/lib/python3.7/site-packages/pip/_vendor/urllib3/connectionpool.py", line 994, in _validate_conn
    conn.connect()
  File "/home/amnesia/dev/mega.py/.tox/py37-normal/lib/python3.7/site-packages/pip/_vendor/urllib3/connection.py", line 334, in connect
    conn = self._new_conn()
  File "/home/amnesia/dev/mega.py/.tox/py37-normal/lib/python3.7/site-packages/pip/_vendor/urllib3/connection.py", line 157, in _new_conn
    (self._dns_host, self.port), self.timeout, **extra_kw
  File "/home/amnesia/dev/mega.py/.tox/py37-normal/lib/python3.7/site-packages/pip/_vendor/urllib3/util/connection.py", line 74, in create_connection
    sock.connect(sa)
KeyboardInterrupt

During handling of the above exception, another exception occurred:

Traceback (most recent call last):
  File "/home/amnesia/.pyenv/versions/3.7.4/lib/python3.7/runpy.py", line 193, in _run_module_as_main
    "__main__", mod_spec)
  File "/home/amnesia/.pyenv/versions/3.7.4/lib/python3.7/runpy.py", line 85, in _run_code
    exec(code, run_globals)
  File "/home/amnesia/dev/mega.py/.tox/py37-normal/lib/python3.7/site-packages/pip/__main__.py", line 19, in <module>
    sys.exit(_main())
  File "/home/amnesia/dev/mega.py/.tox/py37-normal/lib/python3.7/site-packages/pip/_internal/main.py", line 47, in main
    return command.main(cmd_args)
  File "/home/amnesia/dev/mega.py/.tox/py37-normal/lib/python3.7/site-packages/pip/_internal/cli/base_command.py", line 103, in main
    return self._main(args)
  File "/home/amnesia/.pyenv/versions/3.7.4/lib/python3.7/contextlib.py", line 130, in __exit__
    self.gen.throw(type, value, traceback)
  File "/home/amnesia/dev/mega.py/.tox/py37-normal/lib/python3.7/site-packages/pip/_internal/cli/command_context.py", line 22, in main_context
    yield
  File "/home/amnesia/dev/mega.py/.tox/py37-normal/lib/python3.7/site-packages/pip/_vendor/contextlib2.py", line 479, in __exit__
    _reraise_with_existing_context(exc_details)
  File "/home/amnesia/dev/mega.py/.tox/py37-normal/lib/python3.7/site-packages/pip/_vendor/contextlib2.py", line 340, in _reraise_with_existing_context
    raise exc_details[1]
  File "/home/amnesia/dev/mega.py/.tox/py37-normal/lib/python3.7/site-packages/pip/_vendor/contextlib2.py", line 468, in __exit__
    if cb(*exc_details):
  File "/home/amnesia/dev/mega.py/.tox/py37-normal/lib/python3.7/site-packages/pip/_vendor/contextlib2.py", line 396, in _exit_wrapper
    return cm_exit(cm, *exc_details)
  File "/home/amnesia/dev/mega.py/.tox/py37-normal/lib/python3.7/site-packages/pip/_vendor/requests/sessions.py", line 424, in __exit__
    self.close()
  File "/home/amnesia/dev/mega.py/.tox/py37-normal/lib/python3.7/site-packages/pip/_vendor/requests/sessions.py", line 736, in close
    v.close()
  File "/home/amnesia/dev/mega.py/.tox/py37-normal/lib/python3.7/site-packages/pip/_vendor/cachecontrol/adapter.py", line 133, in close
    super(CacheControlAdapter, self).close()
  File "/home/amnesia/dev/mega.py/.tox/py37-normal/lib/python3.7/site-packages/pip/_vendor/requests/adapters.py", line 325, in close
    self.poolmanager.clear()
  File "/home/amnesia/dev/mega.py/.tox/py37-normal/lib/python3.7/site-packages/pip/_vendor/urllib3/poolmanager.py", line 211, in clear
    self.pools.clear()
  File "/home/amnesia/dev/mega.py/.tox/py37-normal/lib/python3.7/site-packages/pip/_vendor/urllib3/_collections.py", line 99, in clear
    self.dispose_func(value)
  File "/home/amnesia/dev/mega.py/.tox/py37-normal/lib/python3.7/site-packages/pip/_vendor/urllib3/poolmanager.py", line 162, in <lambda>
    self.pools = RecentlyUsedContainer(num_pools, dispose_func=lambda p: p.close())
  File "/home/amnesia/dev/mega.py/.tox/py37-normal/lib/python3.7/site-packages/pip/_vendor/urllib3/connectionpool.py", line 468, in close
    conn.close()
  File "/home/amnesia/.pyenv/versions/3.7.4/lib/python3.7/http/client.py", line 956, in close
    response.close()
  File "/home/amnesia/.pyenv/versions/3.7.4/lib/python3.7/http/client.py", line 415, in close
    super().close() # set "closed" flag
KeyboardInterrupt
